Release 14.7 - xst P.20131013 (nt64)
Copyright (c) 1995-2013 Xilinx, Inc.  All rights reserved.
--> Parameter TMPDIR set to xst/projnav.tmp


Total REAL time to Xst completion: 0.00 secs
Total CPU time to Xst completion: 0.11 secs
 
--> Parameter xsthdpdir set to xst


Total REAL time to Xst completion: 0.00 secs
Total CPU time to Xst completion: 0.11 secs
 
--> Reading design: sensors_input.prj

TABLE OF CONTENTS
  1) Synthesis Options Summary
  2) HDL Compilation
  3) Design Hierarchy Analysis
  4) HDL Analysis
  5) HDL Synthesis
     5.1) HDL Synthesis Report
  6) Advanced HDL Synthesis
     6.1) Advanced HDL Synthesis Report
  7) Low Level Synthesis
  8) Partition Report
  9) Final Report
	9.1) Device utilization summary
	9.2) Partition Resource Summary
	9.3) TIMING REPORT


=========================================================================
*                      Synthesis Options Summary                        *
=========================================================================
---- Source Parameters
Input File Name                    : "sensors_input.prj"
Input Format                       : mixed
Ignore Synthesis Constraint File   : NO

---- Target Parameters
Output File Name                   : "sensors_input"
Output Format                      : NGC
Target Device                      : xc3s500e-4-fg320

---- Source Options
Top Module Name                    : sensors_input
Automatic FSM Extraction           : YES
FSM Encoding Algorithm             : Auto
Safe Implementation                : No
FSM Style                          : LUT
RAM Extraction                     : Yes
RAM Style                          : Auto
ROM Extraction                     : Yes
Mux Style                          : Auto
Decoder Extraction                 : YES
Priority Encoder Extraction        : Yes
Shift Register Extraction          : YES
Logical Shifter Extraction         : YES
XOR Collapsing                     : YES
ROM Style                          : Auto
Mux Extraction                     : Yes
Resource Sharing                   : YES
Asynchronous To Synchronous        : NO
Multiplier Style                   : Auto
Automatic Register Balancing       : No

---- Target Options
Add IO Buffers                     : YES
Global Maximum Fanout              : 500
Add Generic Clock Buffer(BUFG)     : 24
Register Duplication               : YES
Slice Packing                      : YES
Optimize Instantiated Primitives   : NO
Use Clock Enable                   : Yes
Use Synchronous Set                : Yes
Use Synchronous Reset              : Yes
Pack IO Registers into IOBs        : Auto
Equivalent register Removal        : YES

---- General Options
Optimization Goal                  : Speed
Optimization Effort                : 1
Keep Hierarchy                     : No
Netlist Hierarchy                  : As_Optimized
RTL Output                         : Yes
Global Optimization                : AllClockNets
Read Cores                         : YES
Write Timing Constraints           : NO
Cross Clock Analysis               : NO
Hierarchy Separator                : /
Bus Delimiter                      : <>
Case Specifier                     : Maintain
Slice Utilization Ratio            : 100
BRAM Utilization Ratio             : 100
Verilog 2001                       : YES
Auto BRAM Packing                  : NO
Slice Utilization Ratio Delta      : 5

=========================================================================


=========================================================================
*                          HDL Compilation                              *
=========================================================================
Compiling verilog file "sensors_input.v" in library work
Module <sensors_input> compiled
No errors in compilation
Analysis of file <"sensors_input.prj"> succeeded.
 

=========================================================================
*                     Design Hierarchy Analysis                         *
=========================================================================
Analyzing hierarchy for module <sensors_input> in library <work>.


=========================================================================
*                            HDL Analysis                               *
=========================================================================
Analyzing top module <sensors_input>.
Module <sensors_input> is correct for synthesis.
 

=========================================================================
*                           HDL Synthesis                               *
=========================================================================

Performing bidirectional port resolution...

Synthesizing Unit <sensors_input>.
    Related source file is "sensors_input.v".
    Found 10-bit adder for signal <height$add0002> created at line 52.
    Found 8-bit adder carry out for signal <height$addsub0002> created at line 32.
    Found 8-bit adder carry out for signal <height$addsub0003> created at line 42.
    Found 8-bit adder carry out for signal <height$addsub0004> created at line 52.
    Found 9-bit adder carry out for signal <height$addsub0005> created at line 52.
    Found 8-bit adder for signal <height$share0000>.
    Found 8-bit adder for signal <old_height_3$addsub0000> created at line 50.
    Found 8-bit adder for signal <old_height_3$addsub0001> created at line 50.
    Summary:
	inferred  11 Adder/Subtractor(s).
Unit <sensors_input> synthesized.

INFO:Xst:1767 - HDL ADVISOR - Resource sharing has identified that some arithmetic operations in this design can share the same physical resources for reduced device utilization. For improved clock frequency you may try to disable resource sharing.

=========================================================================
HDL Synthesis Report

Macro Statistics
# Adders/Subtractors                                   : 11
 10-bit adder                                          : 1
 8-bit adder                                           : 6
 8-bit adder carry out                                 : 3
 9-bit adder carry out                                 : 1

=========================================================================

=========================================================================
*                       Advanced HDL Synthesis                          *
=========================================================================


=========================================================================
Advanced HDL Synthesis Report

Macro Statistics
# Adders/Subtractors                                   : 11
 1-bit adder                                           : 2
 10-bit adder                                          : 1
 2-bit adder                                           : 3
 8-bit adder                                           : 1
 8-bit adder carry out                                 : 3
 9-bit adder carry out                                 : 1

=========================================================================

=========================================================================
*                         Low Level Synthesis                           *
=========================================================================

Optimizing unit <sensors_input> ...

Mapping all equations...
Building and optimizing final netlist ...
Found area constraint ratio of 100 (+ 5) on block sensors_input, actual ratio is 1.

Final Macro Processing ...

=========================================================================
Final Register Report

Found no macro
=========================================================================

=========================================================================
*                           Partition Report                            *
=========================================================================

Partition Implementation Status
-------------------------------

  No Partitions were found in this design.

-------------------------------

=========================================================================
*                            Final Report                               *
=========================================================================
Final Results
RTL Top Level Output File Name     : sensors_input.ngr
Top Level Output File Name         : sensors_input
Output Format                      : NGC
Optimization Goal                  : Speed
Keep Hierarchy                     : No

Design Statistics
# IOs                              : 40

Cell Usage :
# BELS                             : 206
#      GND                         : 1
#      LUT1                        : 2
#      LUT2                        : 42
#      LUT3                        : 21
#      LUT4                        : 48
#      MUXCY                       : 42
#      MUXF5                       : 11
#      XORCY                       : 39
# IO Buffers                       : 40
#      IBUF                        : 32
#      OBUF                        : 8
=========================================================================

Device utilization summary:
---------------------------

Selected Device : 3s500efg320-4 

 Number of Slices:                       61  out of   4656     1%  
 Number of 4 input LUTs:                113  out of   9312     1%  
 Number of IOs:                          40
 Number of bonded IOBs:                  40  out of    232    17%  

---------------------------
Partition Resource Summary:
---------------------------

  No Partitions were found in this design.

---------------------------


=========================================================================
TIMING REPORT

NOTE: THESE TIMING NUMBERS ARE ONLY A SYNTHESIS ESTIMATE.
      FOR ACCURATE TIMING INFORMATION PLEASE REFER TO THE TRACE REPORT
      GENERATED AFTER PLACE-and-ROUTE.

Clock Information:
------------------
No clock signals found in this design

Asynchronous Control Signals Information:
----------------------------------------
No asynchronous control signals found in this design

Timing Summary:
---------------
Speed Grade: -4

   Minimum period: No path found
   Minimum input arrival time before clock: No path found
   Maximum output required time after clock: No path found
   Maximum combinational path delay: 19.969ns

Timing Detail:
--------------
All values displayed in nanoseconds (ns)

=========================================================================
Timing constraint: Default path analysis
  Total number of paths / destination ports: 24960 / 8
-------------------------------------------------------------------------
Delay:               19.969ns (Levels of Logic = 19)
  Source:            sensor2<0> (PAD)
  Destination:       height<7> (PAD)

  Data Path: sensor2<0> to height<7>
                                Gate     Net
    Cell:in->out      fanout   Delay   Delay  Logical Name (Net Name)
    ----------------------------------------  ------------
     IBUF:I->O            17   1.218   1.130  sensor2_0_IBUF (sensor2_0_IBUF)
     LUT2:I1->O            1   0.704   0.000  Madd_height_addsub0004_lut<0> (Madd_height_addsub0004_lut<0>)
     MUXCY:S->O            1   0.464   0.000  Madd_height_addsub0004_cy<0> (Madd_height_addsub0004_cy<0>)
     MUXCY:CI->O           1   0.059   0.000  Madd_height_addsub0004_cy<1> (Madd_height_addsub0004_cy<1>)
     MUXCY:CI->O           1   0.059   0.000  Madd_height_addsub0004_cy<2> (Madd_height_addsub0004_cy<2>)
     XORCY:CI->O           1   0.804   0.595  Madd_height_addsub0004_xor<3> (height_addsub0004<3>)
     LUT2:I0->O            1   0.704   0.000  Madd_height_addsub0005_lut<3> (Madd_height_addsub0005_lut<3>)
     MUXCY:S->O            1   0.464   0.000  Madd_height_addsub0005_cy<3> (Madd_height_addsub0005_cy<3>)
     XORCY:CI->O           1   0.804   0.595  Madd_height_addsub0005_xor<4> (height_addsub0005<4>)
     LUT2:I0->O            1   0.704   0.000  Madd_height_add0002_lut<4> (Madd_height_add0002_lut<4>)
     MUXCY:S->O            1   0.464   0.000  Madd_height_add0002_cy<4> (Madd_height_add0002_cy<4>)
     XORCY:CI->O           2   0.804   0.526  Madd_height_add0002_xor<5> (height_add0002<5>)
     LUT3:I1->O            1   0.704   0.000  height_mux0000<4>2 (height_mux0000<4>1)
     MUXF5:I0->O           2   0.321   0.622  height_mux0000<4>_f5 (Madd_height_share0000_lut<3>)
     LUT4:I0->O            4   0.704   0.762  Madd_height_share0000_cy<3>11 (Madd_height_share0000_cy<3>)
     LUT4:I0->O            1   0.704   0.499  height<7>55_SW0 (N53)
     LUT4:I1->O            1   0.704   0.455  height<7>55 (height<7>55)
     LUT3:I2->O            1   0.704   0.420  height<7>67 (height_7_OBUF)
     OBUF:I->O                 3.272          height_7_OBUF (height<7>)
    ----------------------------------------
    Total                     19.969ns (14.365ns logic, 5.604ns route)
                                       (71.9% logic, 28.1% route)

=========================================================================


Total REAL time to Xst completion: 4.00 secs
Total CPU time to Xst completion: 4.53 secs
 
--> 

Total memory usage is 4514156 kilobytes

Number of errors   :    0 (   0 filtered)
Number of warnings :    0 (   0 filtered)
Number of infos    :    1 (   0 filtered)

